The hill currently has:    
	Food: 0
	Ants: 3
The hill has been attacked 0 times.     
	 Successfully defended: 0    
	 Failed to Defend: 0
Ant #2 has found food!
The hill currently has:    
	Food: 1
	Ants: 3
The hill has been attacked 0 times.     
	 Successfully defended: 0    
	 Failed to Defend: 0
The hill currently has:    
	Food: 1
	Ants: 3
The hill has been attacked 0 times.     
	 Successfully defended: 0    
	 Failed to Defend: 0
Ant #0 has run into a rival ant
Ant #0 loses the fight and dies
The hill currently has:    
	Food: 0
	Ants: 3
The hill has been attacked 0 times.     
	 Successfully defended: 0    
	 Failed to Defend: 0
The hill currently has:    
	Food: 0
	Ants: 3
The hill has been attacked 0 times.     
	 Successfully defended: 0    
	 Failed to Defend: 0
The hill currently has:    
	Food: 0
	Ants: 3
The hill has been attacked 0 times.     
	 Successfully defended: 0    
	 Failed to Defend: 0
The hill currently has:    
	Food: 0
	Ants: 3
The hill has been attacked 0 times.     
	 Successfully defended: 0    
	 Failed to Defend: 0
Ant #1 has run into a rival ant
Ant #1 loses the fight and dies
Ant #3 has run into a rival ant
Ant #3 loses the fight and dies
The hill has been attacked!
Defenders = 1 vs. 1
The ants did not fend off the attack. All defending ants died and all the food was stolen
The hill currently has:    
	Food: 0
	Ants: 0
The hill has been attacked 1 times.     
	 Successfully defended: 0    
	 Failed to Defend: 1
The hill currently has:    
	Food: 0
	Ants: 3
The hill has been attacked 0 times.     
	 Successfully defended: 0    
	 Failed to Defend: 0
Ant #0 has run into a rival ant
Ant #0 won the fight
The hill currently has:    
	Food: 0
	Ants: 3
The hill has been attacked 0 times.     
	 Successfully defended: 0    
	 Failed to Defend: 0
The hill currently has:    
	Food: 0
	Ants: 3
The hill has been attacked 0 times.     
	 Successfully defended: 0    
	 Failed to Defend: 0
The hill currently has:    
	Food: 0
	Ants: 3
The hill has been attacked 0 times.     
	 Successfully defended: 0    
	 Failed to Defend: 0
The hill currently has:    
	Food: 0
	Ants: 3
The hill has been attacked 0 times.     
	 Successfully defended: 0    
	 Failed to Defend: 0
Ant #1 has run into a rival ant
Ant #1 loses the fight and dies
The hill currently has:    
	Food: 0
	Ants: 2
The hill has been attacked 0 times.     
	 Successfully defended: 0    
	 Failed to Defend: 0
The hill currently has:    
	Food: 0
	Ants: 2
The hill has been attacked 0 times.     
	 Successfully defended: 0    
	 Failed to Defend: 0
The hill currently has:    
	Food: 0
	Ants: 2
The hill has been attacked 0 times.     
	 Successfully defended: 0    
	 Failed to Defend: 0
The hill currently has:    
	Food: 0
	Ants: 2
The hill has been attacked 0 times.     
	 Successfully defended: 0    
	 Failed to Defend: 0
Ant #0 has run into a rival ant
Ant #0 won the fight
The hill currently has:    
	Food: 0
	Ants: 2
The hill has been attacked 0 times.     
	 Successfully defended: 0    
	 Failed to Defend: 0
The hill currently has:    
	Food: 0
	Ants: 2
The hill has been attacked 0 times.     
	 Successfully defended: 0    
	 Failed to Defend: 0
Ant #2 has run into a rival ant
Ant #2 loses the fight and dies
The hill currently has:    
	Food: 0
	Ants: 1
The hill has been attacked 0 times.     
	 Successfully defended: 0    
	 Failed to Defend: 0
The hill currently has:    
	Food: 0
	Ants: 1
The hill has been attacked 0 times.     
	 Successfully defended: 0    
	 Failed to Defend: 0
Ant #0 has found food!
The hill currently has:    
	Food: 1
	Ants: 1
The hill has been attacked 0 times.     
	 Successfully defended: 0    
	 Failed to Defend: 0
The hill currently has:    
	Food: 1
	Ants: 1
The hill has been attacked 0 times.     
	 Successfully defended: 0    
	 Failed to Defend: 0
Ant #0 has found food!
Ant #3 has found food!
The hill currently has:    
	Food: 2
	Ants: 2
The hill has been attacked 0 times.     
	 Successfully defended: 0    
	 Failed to Defend: 0
The hill currently has:    
	Food: 2
	Ants: 2
The hill has been attacked 0 times.     
	 Successfully defended: 0    
	 Failed to Defend: 0
Ant #0 has found food!
Ant #4 has run into a rival ant
Ant #4 won the fight
Ant #5 has found food!
The hill currently has:    
	Food: 2
	Ants: 4
The hill has been attacked 0 times.     
	 Successfully defended: 0    
	 Failed to Defend: 0
The hill currently has:    
	Food: 2
	Ants: 4
The hill has been attacked 0 times.     
	 Successfully defended: 0    
	 Failed to Defend: 0
Ant #3 has run into a rival ant
Ant #3 loses the fight and dies
The hill currently has:    
	Food: 0
	Ants: 5
The hill has been attacked 0 times.     
	 Successfully defended: 0    
	 Failed to Defend: 0
The hill currently has:    
	Food: 0
	Ants: 5
The hill has been attacked 0 times.     
	 Successfully defended: 0    
	 Failed to Defend: 0
Ant #0 has run into a rival ant
Ant #0 won the fight
Ant #5 has found food!
Ant #7 has run into a rival ant
Ant #7 won the fight
The hill currently has:    
	Food: 1
	Ants: 5
The hill has been attacked 0 times.     
	 Successfully defended: 0    
	 Failed to Defend: 0
The hill currently has:    
	Food: 1
	Ants: 5
The hill has been attacked 0 times.     
	 Successfully defended: 0    
	 Failed to Defend: 0
Ant #0 has found food!
Ant #5 has found food!
Ant #6 has run into a rival ant
Ant #6 loses the fight and dies
The hill has been attacked!
Defenders = 5 vs. 2
The ants successfully fend off the attack.
The hill currently has:    
	Food: 2
	Ants: 5
The hill has been attacked 1 times.     
	 Successfully defended: 1    
	 Failed to Defend: 0
The hill currently has:    
	Food: 2
	Ants: 5
The hill has been attacked 1 times.     
	 Successfully defended: 1    
	 Failed to Defend: 0
Ant #5 has run into a rival ant
Ant #5 loses the fight and dies
Ant #7 has found food!
Ant #9 has run into a rival ant
Ant #9 loses the fight and dies
Ant #10 has run into a rival ant
Ant #10 won the fight
The hill has been attacked!
Defenders = 5 vs. 2
The ants successfully fend off the attack.
The hill currently has:    
	Food: 1
	Ants: 5
The hill has been attacked 2 times.     
	 Successfully defended: 2    
	 Failed to Defend: 0
The hill currently has:    
	Food: 1
	Ants: 5
The hill has been attacked 2 times.     
	 Successfully defended: 2    
	 Failed to Defend: 0
Ant #0 has found food!
The hill currently has:    
	Food: 1
	Ants: 6
The hill has been attacked 2 times.     
	 Successfully defended: 2    
	 Failed to Defend: 0
The hill currently has:    
	Food: 1
	Ants: 6
The hill has been attacked 2 times.     
	 Successfully defended: 2    
	 Failed to Defend: 0
Ant #4 has run into a rival ant
Ant #4 won the fight
Ant #8 has found food!
Ant #10 has run into a rival ant
Ant #10 loses the fight and dies
The hill currently has:    
	Food: 1
	Ants: 6
The hill has been attacked 2 times.     
	 Successfully defended: 2    
	 Failed to Defend: 0
The hill currently has:    
	Food: 1
	Ants: 6
The hill has been attacked 2 times.     
	 Successfully defended: 2    
	 Failed to Defend: 0
Ant #7 has found food!
The hill has been attacked!
Defenders = 7 vs. 7
The ants did not fend off the attack. All defending ants died and all the food was stolen
The hill currently has:    
	Food: 0
	Ants: 0
The hill has been attacked 3 times.     
	 Successfully defended: 2    
	 Failed to Defend: 1
The hill currently has:    
	Food: 0
	Ants: 3
The hill has been attacked 0 times.     
	 Successfully defended: 0    
	 Failed to Defend: 0
The hill currently has:    
	Food: 0
	Ants: 3
The hill has been attacked 0 times.     
	 Successfully defended: 0    
	 Failed to Defend: 0
The hill currently has:    
	Food: 0
	Ants: 3
The hill has been attacked 0 times.     
	 Successfully defended: 0    
	 Failed to Defend: 0
Ant #0 has run into a rival ant
Ant #0 won the fight
Ant #2 has found food!
The hill has been attacked!
Defenders = 3 vs. 3
The ants did not fend off the attack. All defending ants died and all the food was stolen
The hill currently has:    
	Food: 0
	Ants: 0
The hill has been attacked 1 times.     
	 Successfully defended: 0    
	 Failed to Defend: 1
The hill currently has:    
	Food: 0
	Ants: 3
The hill has been attacked 0 times.     
	 Successfully defended: 0    
	 Failed to Defend: 0
The hill currently has:    
	Food: 0
	Ants: 3
The hill has been attacked 0 times.     
	 Successfully defended: 0    
	 Failed to Defend: 0
The hill currently has:    
	Food: 0
	Ants: 3
The hill has been attacked 0 times.     
	 Successfully defended: 0    
	 Failed to Defend: 0
The hill currently has:    
	Food: 0
	Ants: 3
The hill has been attacked 0 times.     
	 Successfully defended: 0    
	 Failed to Defend: 0
The hill currently has:    
	Food: 0
	Ants: 3
The hill has been attacked 0 times.     
	 Successfully defended: 0    
	 Failed to Defend: 0
Ant #1 has found food!
The hill currently has:    
	Food: 1
	Ants: 3
The hill has been attacked 0 times.     
	 Successfully defended: 0    
	 Failed to Defend: 0
The hill currently has:    
	Food: 1
	Ants: 3
The hill has been attacked 0 times.     
	 Successfully defended: 0    
	 Failed to Defend: 0
Ant #0 has found food!
The hill currently has:    
	Food: 1
	Ants: 4
The hill has been attacked 0 times.     
	 Successfully defended: 0    
	 Failed to Defend: 0
The hill currently has:    
	Food: 1
	Ants: 4
The hill has been attacked 0 times.     
	 Successfully defended: 0    
	 Failed to Defend: 0
Ant #3 has run into a rival ant
Ant #3 loses the fight and dies
The hill currently has:    
	Food: 0
	Ants: 4
The hill has been attacked 0 times.     
	 Successfully defended: 0    
	 Failed to Defend: 0
The hill currently has:    
	Food: 0
	Ants: 4
The hill has been attacked 0 times.     
	 Successfully defended: 0    
	 Failed to Defend: 0
The hill currently has:    
	Food: 0
	Ants: 4
The hill has been attacked 0 times.     
	 Successfully defended: 0    
	 Failed to Defend: 0
The hill currently has:    
	Food: 0
	Ants: 4
The hill has been attacked 0 times.     
	 Successfully defended: 0    
	 Failed to Defend: 0
Ant #0 has run into a rival ant
Ant #0 won the fight
Ant #4 has found food!
The hill currently has:    
	Food: 1
	Ants: 4
The hill has been attacked 0 times.     
	 Successfully defended: 0    
	 Failed to Defend: 0
The hill currently has:    
	Food: 1
	Ants: 4
The hill has been attacked 0 times.     
	 Successfully defended: 0    
	 Failed to Defend: 0
Ant #2 has found food!
Ant #4 has run into a rival ant
Ant #4 loses the fight and dies
The hill currently has:    
	Food: 1
	Ants: 4
The hill has been attacked 0 times.     
	 Successfully defended: 0    
	 Failed to Defend: 0
The hill currently has:    
	Food: 1
	Ants: 4
The hill has been attacked 0 times.     
	 Successfully defended: 0    
	 Failed to Defend: 0
Ant #1 has run into a rival ant
Ant #1 won the fight
Ant #2 has run into a rival ant
Ant #2 won the fight
Ant #6 has run into a rival ant
Ant #6 loses the fight and dies
The hill currently has:    
	Food: 0
	Ants: 4
The hill has been attacked 0 times.     
	 Successfully defended: 0    
	 Failed to Defend: 0
The hill currently has:    
	Food: 0
	Ants: 4
The hill has been attacked 0 times.     
	 Successfully defended: 0    
	 Failed to Defend: 0
Ant #0 has run into a rival ant
Ant #0 loses the fight and dies
Ant #1 has run into a rival ant
Ant #1 won the fight
Ant #2 has run into a rival ant
Ant #2 won the fight
The hill currently has:    
	Food: 0
	Ants: 3
The hill has been attacked 0 times.     
	 Successfully defended: 0    
	 Failed to Defend: 0
The hill currently has:    
	Food: 0
	Ants: 3
The hill has been attacked 0 times.     
	 Successfully defended: 0    
	 Failed to Defend: 0
Ant #1 has found food!
Ant #2 has found food!
Ant #5 has found food!
The hill has been attacked!
Defenders = 3 vs. 3
The ants did not fend off the attack. All defending ants died and all the food was stolen
The hill currently has:    
	Food: 0
	Ants: 0
The hill has been attacked 1 times.     
	 Successfully defended: 0    
	 Failed to Defend: 1
The hill currently has:    
	Food: 0
	Ants: 3
The hill has been attacked 0 times.     
	 Successfully defended: 0    
	 Failed to Defend: 0
Ant #0 has found food!
The hill currently has:    
	Food: 1
	Ants: 3
The hill has been attacked 0 times.     
	 Successfully defended: 0    
	 Failed to Defend: 0
The hill currently has:    
	Food: 1
	Ants: 3
The hill has been attacked 0 times.     
	 Successfully defended: 0    
	 Failed to Defend: 0
Ant #0 has found food!
Ant #1 has run into a rival ant
Ant #1 won the fight
Ant #3 has found food!
The hill currently has:    
	Food: 2
	Ants: 4
The hill has been attacked 0 times.     
	 Successfully defended: 0    
	 Failed to Defend: 0
The hill currently has:    
	Food: 2
	Ants: 4
The hill has been attacked 0 times.     
	 Successfully defended: 0    
	 Failed to Defend: 0
Ant #0 has found food!
Ant #1 has run into a rival ant
Ant #1 loses the fight and dies
Ant #2 has run into a rival ant
Ant #2 loses the fight and dies
Ant #3 has run into a rival ant
Ant #3 loses the fight and dies
Ant #4 has found food!
The hill currently has:    
	Food: 2
	Ants: 3
The hill has been attacked 0 times.     
	 Successfully defended: 0    
	 Failed to Defend: 0
The hill currently has:    
	Food: 2
	Ants: 3
The hill has been attacked 0 times.     
	 Successfully defended: 0    
	 Failed to Defend: 0
Ant #7 has found food!
The hill currently has:    
	Food: 1
	Ants: 5
The hill has been attacked 0 times.     
	 Successfully defended: 0    
	 Failed to Defend: 0
The hill currently has:    
	Food: 1
	Ants: 5
The hill has been attacked 0 times.     
	 Successfully defended: 0    
	 Failed to Defend: 0
Ant #0 has run into a rival ant
Ant #0 won the fight
Ant #5 has run into a rival ant
Ant #5 won the fight
Ant #6 has found food!
Ant #7 has run into a rival ant
Ant #7 loses the fight and dies
The hill currently has:    
	Food: 1
	Ants: 5
The hill has been attacked 0 times.     
	 Successfully defended: 0    
	 Failed to Defend: 0
The hill currently has:    
	Food: 1
	Ants: 5
The hill has been attacked 0 times.     
	 Successfully defended: 0    
	 Failed to Defend: 0
The hill currently has:    
	Food: 0
	Ants: 6
The hill has been attacked 0 times.     
	 Successfully defended: 0    
	 Failed to Defend: 0
The hill currently has:    
	Food: 0
	Ants: 6
The hill has been attacked 0 times.     
	 Successfully defended: 0    
	 Failed to Defend: 0
Ant #4 has found food!
Ant #8 has found food!
Ant #9 has run into a rival ant
Ant #9 won the fight
The hill has been attacked!
Defenders = 6 vs. 5
The ants successfully fend off the attack.
The hill currently has:    
	Food: 2
	Ants: 6
The hill has been attacked 1 times.     
	 Successfully defended: 1    
	 Failed to Defend: 0
The hill currently has:    
	Food: 2
	Ants: 6
The hill has been attacked 1 times.     
	 Successfully defended: 1    
	 Failed to Defend: 0
Ant #0 has run into a rival ant
Ant #0 won the fight
Ant #4 has found food!
Ant #6 has found food!
The hill currently has:    
	Food: 2
	Ants: 8
The hill has been attacked 1 times.     
	 Successfully defended: 1    
	 Failed to Defend: 0
The hill currently has:    
	Food: 2
	Ants: 8
The hill has been attacked 1 times.     
	 Successfully defended: 1    
	 Failed to Defend: 0
Ant #0 has run into a rival ant
Ant #0 loses the fight and dies
Ant #6 has run into a rival ant
Ant #6 won the fight
Ant #9 has found food!
Ant #10 has found food!
Ant #11 has run into a rival ant
Ant #11 won the fight
The hill currently has:    
	Food: 2
	Ants: 9
The hill has been attacked 1 times.     
	 Successfully defended: 1    
	 Failed to Defend: 0
The hill currently has:    
	Food: 2
	Ants: 9
The hill has been attacked 1 times.     
	 Successfully defended: 1    
	 Failed to Defend: 0
Ant #4 has found food!
Ant #11 has run into a rival ant
Ant #11 won the fight
Ant #12 has found food!
The hill currently has:    
	Food: 2
	Ants: 11
The hill has been attacked 1 times.     
	 Successfully defended: 1    
	 Failed to Defend: 0
The hill currently has:    
	Food: 2
	Ants: 11
The hill has been attacked 1 times.     
	 Successfully defended: 1    
	 Failed to Defend: 0
Ant #6 has run into a rival ant
Ant #6 won the fight
Ant #12 has run into a rival ant
Ant #12 loses the fight and dies
Ant #14 has run into a rival ant
Ant #14 won the fight
Ant #17 has run into a rival ant
Ant #17 loses the fight and dies
The hill currently has:    
	Food: 0
	Ants: 11
The hill has been attacked 1 times.     
	 Successfully defended: 1    
	 Failed to Defend: 0
The hill currently has:    
	Food: 0
	Ants: 11
The hill has been attacked 1 times.     
	 Successfully defended: 1    
	 Failed to Defend: 0
Ant #4 has run into a rival ant
Ant #4 won the fight
Ant #9 has found food!
Ant #11 has found food!
Ant #15 has run into a rival ant
Ant #15 won the fight
The hill currently has:    
	Food: 2
	Ants: 11
The hill has been attacked 1 times.     
	 Successfully defended: 1    
	 Failed to Defend: 0
The hill currently has:    
	Food: 2
	Ants: 11
The hill has been attacked 1 times.     
	 Successfully defended: 1    
	 Failed to Defend: 0
Ant #8 has run into a rival ant
Ant #8 loses the fight and dies
Ant #11 has found food!
Ant #14 has run into a rival ant
Ant #14 won the fight
Ant #15 has run into a rival ant
Ant #15 won the fight
Ant #16 has found food!
Ant #19 has found food!
The hill has been attacked!
Defenders = 12 vs. 3
The ants successfully fend off the attack.
The hill currently has:    
	Food: 3
	Ants: 12
The hill has been attacked 2 times.     
	 Successfully defended: 2    
	 Failed to Defend: 0
The hill currently has:    
	Food: 3
	Ants: 12
The hill has been attacked 2 times.     
	 Successfully defended: 2    
	 Failed to Defend: 0
Ant #4 has found food!
Ant #15 has run into a rival ant
Ant #15 won the fight
Ant #19 has found food!
Ant #21 has run into a rival ant
Ant #21 loses the fight and dies
The hill currently has:    
	Food: 2
	Ants: 14
The hill has been attacked 2 times.     
	 Successfully defended: 2    
	 Failed to Defend: 0
The hill currently has:    
	Food: 2
	Ants: 14
The hill has been attacked 2 times.     
	 Successfully defended: 2    
	 Failed to Defend: 0
Ant #10 has found food!
Ant #11 has run into a rival ant
Ant #11 won the fight
Ant #13 has run into a rival ant
Ant #13 loses the fight and dies
The hill currently has:    
	Food: 1
	Ants: 15
The hill has been attacked 2 times.     
	 Successfully defended: 2    
	 Failed to Defend: 0
The hill currently has:    
	Food: 1
	Ants: 15
The hill has been attacked 2 times.     
	 Successfully defended: 2    
	 Failed to Defend: 0
Ant #4 has found food!
Ant #10 has run into a rival ant
Ant #10 won the fight
Ant #18 has found food!
Ant #20 has run into a rival ant
Ant #20 won the fight
The hill currently has:    
	Food: 2
	Ants: 16
The hill has been attacked 2 times.     
	 Successfully defended: 2    
	 Failed to Defend: 0
The hill currently has:    
	Food: 2
	Ants: 16
The hill has been attacked 2 times.     
	 Successfully defended: 2    
	 Failed to Defend: 0
Ant #4 has run into a rival ant
Ant #4 won the fight
Ant #5 has found food!
Ant #11 has run into a rival ant
Ant #11 won the fight
Ant #14 has run into a rival ant
Ant #14 won the fight
Ant #15 has run into a rival ant
Ant #15 won the fight
Ant #18 has run into a rival ant
Ant #18 loses the fight and dies
Ant #20 has run into a rival ant
Ant #20 won the fight
The hill currently has:    
	Food: 1
	Ants: 17
The hill has been attacked 2 times.     
	 Successfully defended: 2    
	 Failed to Defend: 0
The hill currently has:    
	Food: 1
	Ants: 17
The hill has been attacked 2 times.     
	 Successfully defended: 2    
	 Failed to Defend: 0
Ant #9 has run into a rival ant
Ant #9 loses the fight and dies
Ant #10 has run into a rival ant
Ant #10 loses the fight and dies
Ant #11 has found food!
Ant #14 has run into a rival ant
Ant #14 loses the fight and dies
Ant #20 has found food!
Ant #24 has run into a rival ant
Ant #24 won the fight
Ant #26 has run into a rival ant
Ant #26 loses the fight and dies
The hill has been attacked!
Defenders = 14 vs. 5
The ants successfully fend off the attack.
The hill currently has:    
	Food: 2
	Ants: 14
The hill has been attacked 3 times.     
	 Successfully defended: 3    
	 Failed to Defend: 0
The hill currently has:    
	Food: 2
	Ants: 14
The hill has been attacked 3 times.     
	 Successfully defended: 3    
	 Failed to Defend: 0
Ant #19 has run into a rival ant
Ant #19 loses the fight and dies
Ant #25 has run into a rival ant
Ant #25 won the fight
Ant #30 has run into a rival ant
Ant #30 won the fight
The hill currently has:    
	Food: 0
	Ants: 15
The hill has been attacked 3 times.     
	 Successfully defended: 3    
	 Failed to Defend: 0
The hill currently has:    
	Food: 0
	Ants: 15
The hill has been attacked 3 times.     
	 Successfully defended: 3    
	 Failed to Defend: 0
Ant #4 has found food!
Ant #6 has found food!
Ant #16 has run into a rival ant
Ant #16 won the fight
Ant #20 has found food!
Ant #22 has run into a rival ant
Ant #22 won the fight
Ant #29 has run into a rival ant
Ant #29 loses the fight and dies
The hill currently has:    
	Food: 3
	Ants: 14
The hill has been attacked 3 times.     
	 Successfully defended: 3    
	 Failed to Defend: 0
The hill currently has:    
	Food: 3
	Ants: 14
The hill has been attacked 3 times.     
	 Successfully defended: 3    
	 Failed to Defend: 0
Ant #6 has run into a rival ant
Ant #6 won the fight
Ant #15 has run into a rival ant
Ant #15 won the fight
Ant #25 has run into a rival ant
Ant #25 won the fight
Ant #32 has run into a rival ant
Ant #32 loses the fight and dies
Ant #33 has run into a rival ant
Ant #33 loses the fight and dies
The hill currently has:    
	Food: 0
	Ants: 15
The hill has been attacked 3 times.     
	 Successfully defended: 3    
	 Failed to Defend: 0
The hill currently has:    
	Food: 0
	Ants: 15
The hill has been attacked 3 times.     
	 Successfully defended: 3    
	 Failed to Defend: 0
Ant #4 has run into a rival ant
Ant #4 won the fight
Ant #6 has found food!
Ant #15 has run into a rival ant
Ant #15 won the fight
Ant #16 has found food!
Ant #25 has found food!
The hill currently has:    
	Food: 3
	Ants: 15
The hill has been attacked 3 times.     
	 Successfully defended: 3    
	 Failed to Defend: 0
The hill currently has:    
	Food: 3
	Ants: 15
The hill has been attacked 3 times.     
	 Successfully defended: 3    
	 Failed to Defend: 0
Ant #4 has found food!
Ant #5 has found food!
Ant #15 has found food!
Ant #23 has found food!
Ant #25 has run into a rival ant
Ant #25 won the fight
Ant #28 has found food!
Ant #30 has found food!
Ant #31 has found food!
Ant #34 has run into a rival ant
Ant #34 won the fight
Ant #35 has run into a rival ant
Ant #35 won the fight
The hill has been attacked!
Defenders = 18 vs. 3
The ants successfully fend off the attack.
The hill currently has:    
	Food: 7
	Ants: 18
The hill has been attacked 4 times.     
	 Successfully defended: 4    
	 Failed to Defend: 0
The hill currently has:    
	Food: 7
	Ants: 18
The hill has been attacked 4 times.     
	 Successfully defended: 4    
	 Failed to Defend: 0
Ant #5 has run into a rival ant
Ant #5 won the fight
Ant #11 has run into a rival ant
Ant #11 won the fight
Ant #16 has run into a rival ant
Ant #16 loses the fight and dies
Ant #28 has found food!
Ant #34 has run into a rival ant
Ant #34 won the fight
Ant #36 has run into a rival ant
Ant #36 won the fight
Ant #39 has run into a rival ant
Ant #39 won the fight
Ant #42 has run into a rival ant
Ant #42 loses the fight and dies
The hill currently has:    
	Food: 1
	Ants: 23
The hill has been attacked 4 times.     
	 Successfully defended: 4    
	 Failed to Defend: 0
The hill currently has:    
	Food: 1
	Ants: 23
The hill has been attacked 4 times.     
	 Successfully defended: 4    
	 Failed to Defend: 0
Ant #11 has found food!
Ant #23 has run into a rival ant
Ant #23 won the fight
Ant #27 has found food!
Ant #31 has run into a rival ant
Ant #31 won the fight
Ant #34 has found food!
Ant #44 has run into a rival ant
Ant #44 loses the fight and dies
The hill has been attacked!
Defenders = 23 vs. 5
The ants successfully fend off the attack.
The hill currently has:    
	Food: 3
	Ants: 23
The hill has been attacked 5 times.     
	 Successfully defended: 5    
	 Failed to Defend: 0
The hill currently has:    
	Food: 3
	Ants: 23
The hill has been attacked 5 times.     
	 Successfully defended: 5    
	 Failed to Defend: 0
Ant #4 has run into a rival ant
Ant #4 won the fight
Ant #15 has found food!
Ant #22 has run into a rival ant
Ant #22 won the fight
Ant #23 has found food!
Ant #25 has found food!
Ant #31 has run into a rival ant
Ant #31 won the fight
Ant #37 has run into a rival ant
Ant #37 loses the fight and dies
Ant #38 has run into a rival ant
Ant #38 won the fight
Ant #40 has run into a rival ant
Ant #40 won the fight
Ant #45 has run into a rival ant
Ant #45 won the fight
The hill currently has:    
	Food: 3
	Ants: 25
The hill has been attacked 5 times.     
	 Successfully defended: 5    
	 Failed to Defend: 0
The hill currently has:    
	Food: 3
	Ants: 25
The hill has been attacked 5 times.     
	 Successfully defended: 5    
	 Failed to Defend: 0
Ant #15 has found food!
Ant #22 has run into a rival ant
Ant #22 won the fight
Ant #25 has run into a rival ant
Ant #25 won the fight
Ant #27 has run into a rival ant
Ant #27 loses the fight and dies
Ant #38 has run into a rival ant
Ant #38 won the fight
Ant #40 has run into a rival ant
Ant #40 won the fight
Ant #48 has run into a rival ant
Ant #48 won the fight
Ant #50 has run into a rival ant
Ant #50 won the fight
The hill currently has:    
	Food: 1
	Ants: 27
The hill has been attacked 5 times.     
	 Successfully defended: 5    
	 Failed to Defend: 0
The hill currently has:    
	Food: 1
	Ants: 27
The hill has been attacked 5 times.     
	 Successfully defended: 5    
	 Failed to Defend: 0
Ant #4 has found food!
Ant #11 has run into a rival ant
Ant #11 won the fight
Ant #15 has run into a rival ant
Ant #15 won the fight
Ant #20 has found food!
Ant #22 has run into a rival ant
Ant #22 won the fight
Ant #23 has run into a rival ant
Ant #23 won the fight
Ant #28 has run into a rival ant
Ant #28 won the fight
Ant #34 has run into a rival ant
Ant #34 won the fight
Ant #36 has run into a rival ant
Ant #36 won the fight
Ant #41 has found food!
Ant #43 has found food!
Ant #50 has found food!
The hill currently has:    
	Food: 5
	Ants: 28
The hill has been attacked 5 times.     
	 Successfully defended: 5    
	 Failed to Defend: 0
The hill currently has:    
	Food: 5
	Ants: 28
The hill has been attacked 5 times.     
	 Successfully defended: 5    
	 Failed to Defend: 0
Ant #4 has found food!
Ant #22 has found food!
Ant #23 has found food!
Ant #28 has run into a rival ant
Ant #28 won the fight
Ant #35 has run into a rival ant
Ant #35 loses the fight and dies
Ant #36 has run into a rival ant
Ant #36 won the fight
Ant #39 has found food!
Ant #40 has run into a rival ant
Ant #40 won the fight
Ant #47 has run into a rival ant
Ant #47 loses the fight and dies
Ant #48 has found food!
Ant #52 has run into a rival ant
Ant #52 won the fight
The hill has been attacked!
Defenders = 31 vs. 7
The ants successfully fend off the attack.
The hill currently has:    
	Food: 5
	Ants: 31
The hill has been attacked 6 times.     
	 Successfully defended: 6    
	 Failed to Defend: 0
The hill currently has:    
	Food: 5
	Ants: 31
The hill has been attacked 6 times.     
	 Successfully defended: 6    
	 Failed to Defend: 0
Ant #4 has found food!
Ant #20 has run into a rival ant
Ant #20 won the fight
Ant #23 has run into a rival ant
Ant #23 won the fight
Ant #24 has found food!
Ant #40 has run into a rival ant
Ant #40 won the fight
Ant #50 has run into a rival ant
Ant #50 won the fight
Ant #56 has run into a rival ant
Ant #56 loses the fight and dies
Ant #57 has run into a rival ant
Ant #57 won the fight
Ant #58 has run into a rival ant
Ant #58 won the fight
Ant #59 has found food!
Ant #60 has run into a rival ant
Ant #60 won the fight
Ant #61 has run into a rival ant
Ant #61 loses the fight and dies
The hill has been attacked!
Defenders = 34 vs. 32
The ants successfully fend off the attack.
The hill currently has:    
	Food: 3
	Ants: 34
The hill has been attacked 7 times.     
	 Successfully defended: 7    
	 Failed to Defend: 0
The hill currently has:    
	Food: 3
	Ants: 34
The hill has been attacked 7 times.     
	 Successfully defended: 7    
	 Failed to Defend: 0
Ant #11 has found food!
Ant #15 has found food!
Ant #28 has run into a rival ant
Ant #28 loses the fight and dies
Ant #30 has run into a rival ant
Ant #30 won the fight
Ant #43 has found food!
Ant #45 has run into a rival ant
Ant #45 won the fight
Ant #49 has run into a rival ant
Ant #49 won the fight
Ant #52 has run into a rival ant
Ant #52 won the fight
Ant #55 has run into a rival ant
Ant #55 loses the fight and dies
Ant #57 has found food!
Ant #62 has found food!
The hill currently has:    
	Food: 5
	Ants: 35
The hill has been attacked 7 times.     
	 Successfully defended: 7    
	 Failed to Defend: 0
The hill currently has:    
	Food: 5
	Ants: 35
The hill has been attacked 7 times.     
	 Successfully defended: 7    
	 Failed to Defend: 0
Ant #39 has found food!
Ant #43 has run into a rival ant
Ant #43 loses the fight and dies
Ant #50 has run into a rival ant
Ant #50 won the fight
Ant #57 has run into a rival ant
Ant #57 won the fight
Ant #63 has run into a rival ant
Ant #63 loses the fight and dies
Ant #65 has run into a rival ant
Ant #65 won the fight
Ant #66 has run into a rival ant
Ant #66 won the fight
Ant #69 has run into a rival ant
Ant #69 won the fight
The hill currently has:    
	Food: 1
	Ants: 38
The hill has been attacked 7 times.     
	 Successfully defended: 7    
	 Failed to Defend: 0
The hill currently has:    
	Food: 1
	Ants: 38
The hill has been attacked 7 times.     
	 Successfully defended: 7    
	 Failed to Defend: 0
Ant #4 has found food!
Ant #15 has run into a rival ant
Ant #15 won the fight
Ant #22 has run into a rival ant
Ant #22 won the fight
Ant #25 has run into a rival ant
Ant #25 won the fight
Ant #30 has run into a rival ant
Ant #30 won the fight
Ant #31 has found food!
Ant #34 has found food!
Ant #39 has found food!
Ant #40 has run into a rival ant
Ant #40 won the fight
Ant #46 has run into a rival ant
Ant #46 loses the fight and dies
Ant #48 has found food!
Ant #50 has found food!
Ant #51 has found food!
Ant #53 has found food!
Ant #59 has run into a rival ant
Ant #59 loses the fight and dies
Ant #60 has found food!
The hill currently has:    
	Food: 9
	Ants: 37
The hill has been attacked 7 times.     
	 Successfully defended: 7    
	 Failed to Defend: 0
The hill currently has:    
	Food: 9
	Ants: 37
The hill has been attacked 7 times.     
	 Successfully defended: 7    
	 Failed to Defend: 0
Ant #11 has found food!
Ant #23 has run into a rival ant
Ant #23 won the fight
Ant #30 has found food!
Ant #39 has found food!
Ant #41 has run into a rival ant
Ant #41 won the fight
Ant #49 has found food!
Ant #51 has found food!
Ant #53 has run into a rival ant
Ant #53 won the fight
Ant #57 has run into a rival ant
Ant #57 loses the fight and dies
Ant #58 has run into a rival ant
Ant #58 loses the fight and dies
Ant #65 has run into a rival ant
Ant #65 won the fight
Ant #68 has run into a rival ant
Ant #68 loses the fight and dies
Ant #70 has found food!
Ant #71 has found food!
Ant #72 has found food!
Ant #76 has run into a rival ant
Ant #76 loses the fight and dies
Ant #77 has run into a rival ant
Ant #77 loses the fight and dies
The hill currently has:    
	Food: 8
	Ants: 41
The hill has been attacked 7 times.     
	 Successfully defended: 7    
	 Failed to Defend: 0
The hill currently has:    
	Food: 8
	Ants: 41
The hill has been attacked 7 times.     
	 Successfully defended: 7    
	 Failed to Defend: 0
Ant #5 has run into a rival ant
Ant #5 won the fight
Ant #15 has run into a rival ant
Ant #15 won the fight
Ant #30 has run into a rival ant
Ant #30 won the fight
Ant #31 has run into a rival ant
Ant #31 won the fight
Ant #38 has found food!
Ant #41 has run into a rival ant
Ant #41 won the fight
Ant #53 has found food!
Ant #60 has run into a rival ant
Ant #60 won the fight
Ant #64 has found food!
Ant #67 has run into a rival ant
Ant #67 won the fight
Ant #70 has run into a rival ant
Ant #70 won the fight
Ant #71 has found food!
Ant #79 has found food!
Ant #81 has run into a rival ant
Ant #81 won the fight
Ant #82 has found food!
Ant #83 has run into a rival ant
Ant #83 loses the fight and dies
Ant #85 has run into a rival ant
Ant #85 won the fight
Ant #87 has found food!
The hill currently has:    
	Food: 7
	Ants: 48
The hill has been attacked 7 times.     
	 Successfully defended: 7    
	 Failed to Defend: 0
The hill currently has:    
	Food: 7
	Ants: 48
The hill has been attacked 7 times.     
	 Successfully defended: 7    
	 Failed to Defend: 0
Ant #4 has run into a rival ant
Ant #4 won the fight
Ant #22 has found food!
Ant #23 has found food!
Ant #34 has run into a rival ant
Ant #34 loses the fight and dies
Ant #41 has run into a rival ant
Ant #41 won the fight
Ant #48 has run into a rival ant
Ant #48 loses the fight and dies
Ant #49 has run into a rival ant
Ant #49 loses the fight and dies
Ant #62 has found food!
Ant #64 has run into a rival ant
Ant #64 loses the fight and dies
Ant #66 has run into a rival ant
Ant #66 won the fight
Ant #67 has found food!
Ant #75 has run into a rival ant
Ant #75 won the fight
Ant #82 has run into a rival ant
Ant #82 loses the fight and dies
Ant #85 has found food!
Ant #86 has found food!
Ant #87 has run into a rival ant
Ant #87 won the fight
Ant #93 has run into a rival ant
Ant #93 loses the fight and dies
The hill has been attacked!
Defenders = 48 vs. 29
The ants successfully fend off the attack.
The hill currently has:    
	Food: 6
	Ants: 49
The hill has been attacked 8 times.     
	 Successfully defended: 8    
	 Failed to Defend: 0
The hill currently has:    
	Food: 6
	Ants: 49
The hill has been attacked 8 times.     
	 Successfully defended: 8    
	 Failed to Defend: 0
Ant #4 has found food!
Ant #11 has found food!
Ant #24 has found food!
Ant #25 has found food!
Ant #38 has found food!
Ant #41 has run into a rival ant
Ant #41 won the fight
Ant #65 has run into a rival ant
Ant #65 won the fight
Ant #71 has run into a rival ant
Ant #71 loses the fight and dies
Ant #86 has found food!
Ant #88 has found food!
Ant #89 has run into a rival ant
Ant #89 loses the fight and dies
Ant #90 has run into a rival ant
Ant #90 loses the fight and dies
Ant #92 has found food!
The hill currently has:    
	Food: 8
	Ants: 52
The hill has been attacked 8 times.     
	 Successfully defended: 8    
	 Failed to Defend: 0
The hill currently has:    
	Food: 8
	Ants: 52
The hill has been attacked 8 times.     
	 Successfully defended: 8    
	 Failed to Defend: 0
Ant #6 has found food!
Ant #23 has found food!
Ant #24 has run into a rival ant
Ant #24 won the fight
Ant #25 has found food!
Ant #36 has run into a rival ant
Ant #36 won the fight
Ant #38 has run into a rival ant
Ant #38 won the fight
Ant #41 has found food!
Ant #50 has run into a rival ant
Ant #50 won the fight
Ant #52 has run into a rival ant
Ant #52 won the fight
Ant #62 has found food!
Ant #81 has found food!
Ant #84 has found food!
Ant #87 has run into a rival ant
Ant #87 won the fight
Ant #94 has run into a rival ant
Ant #94 loses the fight and dies
Ant #98 has run into a rival ant
Ant #98 won the fight
Ant #105 has run into a rival ant
Ant #105 loses the fight and dies
The hill currently has:    
	Food: 7
	Ants: 58
The hill has been attacked 8 times.     
	 Successfully defended: 8    
	 Failed to Defend: 0
The hill currently has:    
	Food: 7
	Ants: 58
The hill has been attacked 8 times.     
	 Successfully defended: 8    
	 Failed to Defend: 0
Ant #6 has run into a rival ant
Ant #6 won the fight
Ant #15 has run into a rival ant
Ant #15 won the fight
Ant #22 has run into a rival ant
Ant #22 won the fight
Ant #23 has found food!
Ant #24 has run into a rival ant
Ant #24 won the fight
Ant #30 has run into a rival ant
Ant #30 won the fight
Ant #31 has run into a rival ant
Ant #31 won the fight
Ant #39 has found food!
Ant #41 has run into a rival ant
Ant #41 won the fight
Ant #45 has run into a rival ant
Ant #45 won the fight
Ant #53 has run into a rival ant
Ant #53 won the fight
Ant #69 has run into a rival ant
Ant #69 won the fight
Ant #72 has run into a rival ant
Ant #72 won the fight
Ant #81 has run into a rival ant
Ant #81 loses the fight and dies
Ant #87 has run into a rival ant
Ant #87 won the fight
Ant #88 has run into a rival ant
Ant #88 loses the fight and dies
Ant #92 has run into a rival ant
Ant #92 won the fight
Ant #96 has found food!
Ant #98 has run into a rival ant
Ant #98 won the fight
Ant #99 has found food!
Ant #101 has run into a rival ant
Ant #101 won the fight
Ant #102 has found food!
Ant #104 has run into a rival ant
Ant #104 loses the fight and dies
Ant #107 has found food!
Ant #109 has run into a rival ant
Ant #109 won the fight
Ant #110 has found food!
Ant #111 has run into a rival ant
Ant #111 won the fight
Ant #112 has run into a rival ant
Ant #112 loses the fight and dies
Ant #113 has run into a rival ant
Ant #113 won the fight
Ant #115 has run into a rival ant
Ant #115 won the fight
The hill currently has:    
	Food: 7
	Ants: 61
The hill has been attacked 8 times.     
	 Successfully defended: 8    
	 Failed to Defend: 0
The hill currently has:    
	Food: 7
	Ants: 61
The hill has been attacked 8 times.     
	 Successfully defended: 8    
	 Failed to Defend: 0
Ant #4 has found food!
Ant #6 has found food!
Ant #11 has run into a rival ant
Ant #11 won the fight
Ant #22 has run into a rival ant
Ant #22 won the fight
Ant #24 has found food!
Ant #25 has run into a rival ant
Ant #25 won the fight
Ant #31 has found food!
Ant #40 has found food!
Ant #52 has run into a rival ant
Ant #52 won the fight
Ant #53 has found food!
Ant #62 has run into a rival ant
Ant #62 loses the fight and dies
Ant #67 has run into a rival ant
Ant #67 loses the fight and dies
Ant #72 has found food!
Ant #75 has run into a rival ant
Ant #75 won the fight
Ant #78 has found food!
Ant #80 has run into a rival ant
Ant #80 loses the fight and dies
Ant #84 has found food!
Ant #86 has found food!
Ant #92 has found food!
Ant #96 has run into a rival ant
Ant #96 loses the fight and dies
Ant #97 has run into a rival ant
Ant #97 loses the fight and dies
Ant #98 has run into a rival ant
Ant #98 won the fight
Ant #101 has run into a rival ant
Ant #101 won the fight
Ant #102 has found food!
Ant #114 has found food!
Ant #119 has found food!
Ant #120 has run into a rival ant
Ant #120 loses the fight and dies
Ant #121 has found food!
Ant #122 has run into a rival ant
Ant #122 loses the fight and dies
The hill currently has:    
	Food: 15
	Ants: 61
The hill has been attacked 8 times.     
	 Successfully defended: 8    
	 Failed to Defend: 0
The hill currently has:    
	Food: 15
	Ants: 61
The hill has been attacked 8 times.     
	 Successfully defended: 8    
	 Failed to Defend: 0
Ant #6 has found food!
Ant #11 has found food!
Ant #23 has run into a rival ant
Ant #23 won the fight
Ant #24 has run into a rival ant
Ant #24 loses the fight and dies
Ant #38 has run into a rival ant
Ant #38 loses the fight and dies
Ant #39 has found food!
Ant #40 has found food!
Ant #41 has found food!
Ant #45 has run into a rival ant
Ant #45 won the fight
Ant #60 has found food!
Ant #65 has run into a rival ant
Ant #65 won the fight
Ant #72 has found food!
Ant #73 has found food!
Ant #75 has run into a rival ant
Ant #75 won the fight
Ant #85 has run into a rival ant
Ant #85 won the fight
Ant #87 has found food!
Ant #99 has found food!
Ant #100 has run into a rival ant
Ant #100 won the fight
Ant #101 has found food!
Ant #102 has found food!
Ant #108 has run into a rival ant
Ant #108 won the fight
Ant #111 has found food!
Ant #113 has run into a rival ant
Ant #113 loses the fight and dies
Ant #114 has found food!
Ant #117 has run into a rival ant
Ant #117 loses the fight and dies
Ant #119 has run into a rival ant
Ant #119 won the fight
Ant #121 has found food!
Ant #125 has found food!
Ant #126 has found food!
Ant #128 has run into a rival ant
Ant #128 won the fight
Ant #129 has found food!
Ant #134 has run into a rival ant
Ant #134 loses the fight and dies
Ant #136 has run into a rival ant
Ant #136 won the fight
The hill currently has:    
	Food: 18
	Ants: 71
The hill has been attacked 8 times.     
	 Successfully defended: 8    
	 Failed to Defend: 0
The hill currently has:    
	Food: 18
	Ants: 71
The hill has been attacked 8 times.     
	 Successfully defended: 8    
	 Failed to Defend: 0
Ant #4 has run into a rival ant
Ant #4 won the fight
Ant #5 has found food!
Ant #6 has found food!
Ant #20 has run into a rival ant
Ant #20 loses the fight and dies
Ant #22 has found food!
Ant #36 has run into a rival ant
Ant #36 won the fight
Ant #51 has found food!
Ant #52 has run into a rival ant
Ant #52 loses the fight and dies
Ant #66 has run into a rival ant
Ant #66 won the fight
Ant #69 has run into a rival ant
Ant #69 won the fight
Ant #73 has run into a rival ant
Ant #73 won the fight
Ant #75 has found food!
Ant #78 has run into a rival ant
Ant #78 loses the fight and dies
Ant #79 has run into a rival ant
Ant #79 won the fight
Ant #84 has run into a rival ant
Ant #84 won the fight
Ant #87 has run into a rival ant
Ant #87 won the fight
Ant #92 has found food!
Ant #106 has found food!
Ant #108 has run into a rival ant
Ant #108 won the fight
Ant #110 has found food!
Ant #111 has found food!
Ant #114 has found food!
Ant #116 has run into a rival ant
Ant #116 loses the fight and dies
Ant #119 has run into a rival ant
Ant #119 won the fight
Ant #125 has found food!
Ant #132 has run into a rival ant
Ant #132 won the fight
Ant #141 has run into a rival ant
Ant #141 won the fight
Ant #144 has found food!
Ant #145 has run into a rival ant
Ant #145 won the fight
Ant #147 has run into a rival ant
Ant #147 loses the fight and dies
The hill currently has:    
	Food: 12
	Ants: 84
The hill has been attacked 8 times.     
	 Successfully defended: 8    
	 Failed to Defend: 0
The hill currently has:    
	Food: 12
	Ants: 84
The hill has been attacked 8 times.     
	 Successfully defended: 8    
	 Failed to Defend: 0
Ant #6 has run into a rival ant
Ant #6 won the fight
Ant #22 has found food!
Ant #23 has run into a rival ant
Ant #23 won the fight
Ant #25 has found food!
Ant #30 has found food!
Ant #31 has run into a rival ant
Ant #31 won the fight
Ant #45 has found food!
Ant #51 has found food!
Ant #54 has run into a rival ant
Ant #54 won the fight
Ant #60 has run into a rival ant
Ant #60 won the fight
Ant #84 has run into a rival ant
Ant #84 won the fight
Ant #86 has found food!
Ant #87 has run into a rival ant
Ant #87 won the fight
Ant #95 has found food!
Ant #99 has run into a rival ant
Ant #99 loses the fight and dies
Ant #108 has found food!
Ant #109 has run into a rival ant
Ant #109 won the fight
Ant #110 has run into a rival ant
Ant #110 loses the fight and dies
Ant #115 has run into a rival ant
Ant #115 won the fight
Ant #118 has run into a rival ant
Ant #118 loses the fight and dies
Ant #119 has run into a rival ant
Ant #119 won the fight
Ant #121 has run into a rival ant
Ant #121 won the fight
Ant #127 has found food!
Ant #129 has found food!
Ant #130 has found food!
Ant #131 has run into a rival ant
Ant #131 won the fight
Ant #132 has found food!
Ant #140 has found food!
Ant #141 has found food!
Ant #143 has found food!
Ant #145 has run into a rival ant
Ant #145 won the fight
Ant #146 has run into a rival ant
Ant #146 loses the fight and dies
Ant #148 has run into a rival ant
Ant #148 loses the fight and dies
Ant #150 has found food!
Ant #151 has run into a rival ant
Ant #151 won the fight
Ant #154 has found food!
Ant #156 has found food!
Ant #158 has found food!
Ant #161 has found food!
The hill currently has:    
	Food: 20
	Ants: 91
The hill has been attacked 8 times.     
	 Successfully defended: 8    
	 Failed to Defend: 0
The hill currently has:    
	Food: 20
	Ants: 91
The hill has been attacked 8 times.     
	 Successfully defended: 8    
	 Failed to Defend: 0
Ant #5 has found food!
Ant #36 has run into a rival ant
Ant #36 loses the fight and dies
Ant #50 has run into a rival ant
Ant #50 won the fight
Ant #54 has found food!
Ant #60 has run into a rival ant
Ant #60 won the fight
Ant #73 has run into a rival ant
Ant #73 won the fight
Ant #74 has found food!
Ant #86 has run into a rival ant
Ant #86 loses the fight and dies
Ant #91 has found food!
Ant #98 has run into a rival ant
Ant #98 won the fight
Ant #119 has found food!
Ant #123 has run into a rival ant
Ant #123 loses the fight and dies
Ant #125 has run into a rival ant
Ant #125 won the fight
Ant #130 has found food!
Ant #131 has found food!
Ant #133 has found food!
Ant #140 has found food!
Ant #141 has found food!
Ant #143 has found food!
Ant #150 has run into a rival ant
Ant #150 won the fight
Ant #151 has found food!
Ant #153 has found food!
Ant #154 has found food!
Ant #155 has run into a rival ant
Ant #155 loses the fight and dies
Ant #157 has run into a rival ant
Ant #157 loses the fight and dies
Ant #159 has run into a rival ant
Ant #159 won the fight
Ant #160 has found food!
Ant #161 has run into a rival ant
Ant #161 won the fight
Ant #163 has found food!
Ant #166 has found food!
Ant #167 has found food!
Ant #168 has run into a rival ant
Ant #168 loses the fight and dies
Ant #172 has run into a rival ant
Ant #172 won the fight
Ant #176 has found food!
Ant #179 has run into a rival ant
Ant #179 won the fight
Ant #181 has run into a rival ant
Ant #181 loses the fight and dies
Ant #182 has run into a rival ant
Ant #182 won the fight
Ant #186 has run into a rival ant
Ant #186 won the fight
The hill currently has:    
	Food: 19
	Ants: 104
The hill has been attacked 8 times.     
	 Successfully defended: 8    
	 Failed to Defend: 0
The hill currently has:    
	Food: 0
	Ants: 3
The hill has been attacked 0 times.     
	 Successfully defended: 0    
	 Failed to Defend: 0
Ant #0 has run into a rival ant
Ant #0 loses the fight and dies
The hill has been attacked!
Defenders = 2 vs. 2
The ants did not fend off the attack. All defending ants died and all the food was stolen
The hill currently has:    
	Food: 0
	Ants: 0
The hill has been attacked 1 times.     
	 Successfully defended: 0    
	 Failed to Defend: 1
